[2026-06-25T04:11:37.708Z] GET http://127.0.0.1:52963/welcome → 200 (175ms, 9188B)
[2026-06-25T04:11:37.901Z] GET https://fonts.googleapis.com/css2?family=DM+Sans:wght@400;500;600&family=JetBrains+Mono:wght@400;500&display=swap → pending (?ms, ?B)
[2026-06-25T04:11:37.901Z] GET https://api.fontshare.com/v2/css?f[]=satoshi@700,900&display=swap → pending (?ms, ?B)
[2026-06-25T04:11:38.855Z] GET https://fonts.gstatic.com/s/dmsans/v17/rP2Yp2ywxg089UriI5-g4vlH9VoD8Cmcqbu0-K6z9mXg.woff2 → pending (?ms, ?B)
[2026-06-25T04:11:38.856Z] GET https://cdn.fontshare.com/wf/NHPGVFYUXYXE33DZ75OIT4JFGHITX5PE/PSUTMASCDJTVPERDYJZPN23BVUFUCQIF/J64QX5IPOHK56I2KYUNBQ5M2XWZEYKYX.woff2 → pending (?ms, ?B)
[2026-06-25T04:11:38.856Z] GET https://cdn.fontshare.com/wf/LAFFD4SDUCDVQEXFPDC7C53EQ4ZELWQI/PXCT3G6LO6ICM5I3NTYENYPWJAECAWDD/GHM6WVH6MILNYOOCXHXB5GTSGNTMGXZR.woff2 → pending (?ms, ?B)
[2026-06-25T04:11:38.856Z] GET https://fonts.gstatic.com/s/jetbrainsmono/v24/tDbv2o-flEEny0FZhsfKu5WU4zr3E_BX0PnT8RD8yKwBNntkaToggR7BYRbKPxDcwgknk-4.woff2 → pending (?ms, ?B)
[2026-06-25T04:12:08.144Z] GET https://www.trustpilot.com/review/javavolcano-touroperator.com → 403 (366ms, 991B)
[2026-06-25T04:12:08.532Z] GET https://www.trustpilot.com/interstitial/interstitial.css → pending (?ms, ?B)
[2026-06-25T04:12:08.532Z] GET https://a7d575be72e8.edge.sdk.awswaf.com/a7d575be72e8/b5180ee838be/challenge.js → 200 (274ms, 1406755B)
[2026-06-25T04:12:08.532Z] GET https://www.trustpilot.com/interstitial/interstitial.js → pending (?ms, ?B)
[2026-06-25T04:12:09.518Z] POST https://a7d575be72e8.edge.sdk.awswaf.com/a7d575be72e8/b5180ee838be/mp_verify → 200 (80ms, 280B)
[2026-06-25T04:12:09.618Z] GET https://www.trustpilot.com/ → 200 (26ms, 304987B)
[2026-06-25T04:12:09.826Z] POST https://a7d575be72e8.edge.sdk.awswaf.com/a7d575be72e8/b5180ee838be/telemetry → 200 (28ms, 848B)
[2026-06-25T04:12:10.157Z] GET https://www.trustpilot.com/review/javavolcano-touroperator.com → 200 (26ms, 755999B)
[2026-06-25T04:12:10.196Z] GET https://cdn.cookielaw.org/scripttemplates/otSDKStub.js → 200 (116ms, 26578B)
[2026-06-25T04:12:10.201Z] GET https://cdn.segment.com/analytics.js/v1/8tb69qtawc/analytics.min.js → 200 (166ms, ?B)
[2026-06-25T04:12:10.201Z] GET https://static.hotjar.com/c/hotjar-391767.js?sv=6 → 200 (445ms, ?B)
[2026-06-25T04:12:10.201Z] GET https://businessunitprofile-cdn.trustpilot.net/businessunitprofile-consumersite/_next/static/css/da84aefec2cc9138.css → pending (?ms, ?B)
[2026-06-25T04:12:10.201Z] GET https://businessunitprofile-cdn.trustpilot.net/businessunitprofile-consumersite/_next/static/css/c679918ae4347cb9.css → pending (?ms, ?B)
[2026-06-25T04:12:10.201Z] GET https://businessunitprofile-cdn.trustpilot.net/businessunitprofile-consumersite/_next/static/css/49d40984794df3e0.css → pending (?ms, ?B)
[2026-06-25T04:12:10.201Z] GET https://businessunitprofile-cdn.trustpilot.net/businessunitprofile-consumersite/_next/static/css/fa9fb8c86b2ba716.css → pending (?ms, ?B)
[2026-06-25T04:12:10.201Z] GET https://businessunitprofile-cdn.trustpilot.net/businessunitprofile-consumersite/_next/static/css/c63067e43c2aaf01.css → pending (?ms, ?B)
[2026-06-25T04:12:10.204Z] GET https://a7d575be72e8.edge.sdk.awswaf.com/a7d575be72e8/b5180ee838be/challenge.js → 304 (152ms, ?B)
[2026-06-25T04:12:10.204Z] GET https://businessunitprofile-cdn.trustpilot.net/businessunitprofile-consumersite/_next/static/chunks/6782.8b5733e076bd1f02.js → pending (?ms, ?B)
[2026-06-25T04:12:10.204Z] GET https://businessunitprofile-cdn.trustpilot.net/businessunitprofile-consumersite/_next/static/chunks/4164.babd60f57172b8d3.js → pending (?ms, ?B)
[2026-06-25T04:12:10.204Z] GET https://businessunitprofile-cdn.trustpilot.net/businessunitprofile-consumersite/_next/static/chunks/webpack-42b61bd966b220ba.js → pending (?ms, ?B)
[2026-06-25T04:12:10.204Z] GET https://businessunitprofile-cdn.trustpilot.net/businessunitprofile-consumersite/_next/static/chunks/framework-0919550e81474e59.js → pending (?ms, ?B)
[2026-06-25T04:12:10.204Z] GET https://businessunitprofile-cdn.trustpilot.net/businessunitprofile-consumersite/_next/static/chunks/main-018e63b5f74f301a.js → pending (?ms, ?B)
[2026-06-25T04:12:10.204Z] GET https://businessunitprofile-cdn.trustpilot.net/businessunitprofile-consumersite/_next/static/chunks/pages/_app-bbe679f7f2b8ab4a.js → pending (?ms, ?B)
[2026-06-25T04:12:10.204Z] GET https://businessunitprofile-cdn.trustpilot.net/businessunitprofile-consumersite/_next/static/chunks/5990-dea28dbd8608206f.js → pending (?ms, ?B)
[2026-06-25T04:12:10.204Z] GET https://businessunitprofile-cdn.trustpilot.net/businessunitprofile-consumersite/_next/static/chunks/5675-17c437759eb9d2e1.js → pending (?ms, ?B)
[2026-06-25T04:12:10.204Z] GET https://businessunitprofile-cdn.trustpilot.net/businessunitprofile-consumersite/_next/static/chunks/1664-07edf6198a5cd9ed.js → pending (?ms, ?B)
[2026-06-25T04:12:10.204Z] GET https://businessunitprofile-cdn.trustpilot.net/businessunitprofile-consumersite/_next/static/chunks/3696-73eb4e38216577de.js → pending (?ms, ?B)
[2026-06-25T04:12:10.205Z] GET https://businessunitprofile-cdn.trustpilot.net/businessunitprofile-consumersite/_next/static/chunks/2580-2c38cf447016eb7a.js → pending (?ms, ?B)
[2026-06-25T04:12:10.205Z] GET https://businessunitprofile-cdn.trustpilot.net/businessunitprofile-consumersite/_next/static/chunks/354-29efa56ed826a1f6.js → pending (?ms, ?B)
[2026-06-25T04:12:10.205Z] GET https://businessunitprofile-cdn.trustpilot.net/businessunitprofile-consumersite/_next/static/chunks/9589-306b016a7f763438.js → pending (?ms, ?B)
[2026-06-25T04:12:10.205Z] GET https://businessunitprofile-cdn.trustpilot.net/businessunitprofile-consumersite/_next/static/chunks/6604-039a4c9b07d1264b.js → pending (?ms, ?B)
[2026-06-25T04:12:10.205Z] GET https://businessunitprofile-cdn.trustpilot.net/businessunitprofile-consumersite/_next/static/chunks/1997-2df15a7e9a2bbbab.js → pending (?ms, ?B)
[2026-06-25T04:12:10.205Z] GET https://businessunitprofile-cdn.trustpilot.net/businessunitprofile-consumersite/_next/static/chunks/5537-18183b25a1607461.js → pending (?ms, ?B)
[2026-06-25T04:12:10.205Z] GET https://businessunitprofile-cdn.trustpilot.net/businessunitprofile-consumersite/_next/static/chunks/9505-8e88b4288fde373c.js → pending (?ms, ?B)
[2026-06-25T04:12:10.205Z] GET https://businessunitprofile-cdn.trustpilot.net/businessunitprofile-consumersite/_next/static/chunks/607-f2e0f976083ed50c.js → pending (?ms, ?B)
[2026-06-25T04:12:10.205Z] GET https://businessunitprofile-cdn.trustpilot.net/businessunitprofile-consumersite/_next/static/chunks/302-e38fbe1deb278efc.js → pending (?ms, ?B)
[2026-06-25T04:12:10.205Z] GET https://businessunitprofile-cdn.trustpilot.net/businessunitprofile-consumersite/_next/static/chunks/7953-b1ba7a4f99315d2f.js → pending (?ms, ?B)
[2026-06-25T04:12:10.205Z] GET https://businessunitprofile-cdn.trustpilot.net/businessunitprofile-consumersite/_next/static/chunks/3393-04136173462a0ae0.js → pending (?ms, ?B)
[2026-06-25T04:12:10.205Z] GET https://businessunitprofile-cdn.trustpilot.net/businessunitprofile-consumersite/_next/static/chunks/2552-7ecdfb7ca0c43f77.js → pending (?ms, ?B)
[2026-06-25T04:12:10.205Z] GET https://businessunitprofile-cdn.trustpilot.net/businessunitprofile-consumersite/_next/static/chunks/pages/review/%5BbusinessUnit%5D-ddf0f8a65464479b.js → pending (?ms, ?B)
[2026-06-25T04:12:10.205Z] GET https://businessunitprofile-cdn.trustpilot.net/businessunitprofile-consumersite/_next/static/businessunitprofile-consumersite-2.7037.0/_buildManifest.js → pending (?ms, ?B)
[2026-06-25T04:12:10.205Z] GET https://businessunitprofile-cdn.trustpilot.net/businessunitprofile-consumersite/_next/static/businessunitprofile-consumersite-2.7037.0/_ssgManifest.js → pending (?ms, ?B)
[2026-06-25T04:12:10.205Z] GET https://cdn.trustpilot.net/brand-assets/4.3.0/logo-white.svg → pending (?ms, ?B)
[2026-06-25T04:12:10.205Z] GET https://consumersiteimages.trustpilot.net/business-units/655cc467eee2b94b13da6cb2-198x149-2x.avif → pending (?ms, ?B)
[2026-06-25T04:12:10.205Z] GET https://cdn.trustpilot.net/brand-assets/4.1.0/stars/stars-4.5.svg → pending (?ms, ?B)
[2026-06-25T04:12:10.205Z] GET https://businessunitprofile-cdn.trustpilot.net/businessunitprofile-consumersite/public/trustpilot-shield.svg → pending (?ms, ?B)
[2026-06-25T04:12:10.205Z] GET https://cdn.trustpilot.net/brand-assets/4.1.0/stars/stars-5.svg → pending (?ms, ?B)
[2026-06-25T04:12:10.205Z] GET https://www.trustpilot.com/manifest.json → 200 (180ms, 555B)
[2026-06-25T04:12:10.207Z] GET https://cdn.trustpilot.net/brand-assets/4.1.0/stars/stars-4.svg → pending (?ms, ?B)
[2026-06-25T04:12:10.207Z] GET https://cdn.trustpilot.net/brand-assets/4.1.0/stars/stars-3.svg → pending (?ms, ?B)
[2026-06-25T04:12:10.318Z] GET https://cdn.cookielaw.org/consent/84cb5c09-05e4-488b-b71c-2fe171dca5e5/84cb5c09-05e4-488b-b71c-2fe171dca5e5.json → 200 (57ms, 7484B)
[2026-06-25T04:12:10.375Z] GET https://geolocation.onetrust.com/cookieconsentpub/v1/geo/location → 200 (318ms, 70B)
[2026-06-25T04:12:10.695Z] GET https://cdn.cookielaw.org/scripttemplates/202606.1.0/otBannerSdk.js → 200 (94ms, 571174B)
[2026-06-25T04:12:10.819Z] GET https://cdn.cookielaw.org/consent/84cb5c09-05e4-488b-b71c-2fe171dca5e5/3917421f-5212-456b-9c09-f7be2e4dad0c/en-us.json → 200 (69ms, 153665B)
[2026-06-25T04:12:10.926Z] GET https://cdn.cookielaw.org/scripttemplates/202606.1.0/assets/otFlat.json → 200 (41ms, ?B)
[2026-06-25T04:12:10.926Z] GET https://cdn.cookielaw.org/scripttemplates/202606.1.0/assets/otCommonStyles.css → 200 (40ms, ?B)
[2026-06-25T04:12:11.079Z] GET https://static.hotjar.com/c/hotjar-391767.js?sv=6 → 200 (3ms, 17644B)
[2026-06-25T04:12:11.079Z] GET https://cdn.cookielaw.org/logos/static/ot_close.svg → 200 (2ms, 651B)
[2026-06-25T04:12:11.084Z] GET https://script.hotjar.com/modules.257d34a3d0c5bd504c93.js → 200 (113ms, 233784B)
[2026-06-25T04:12:11.238Z] GET https://vc.hotjar.io/sessions/391767?s=0.25&r=0.14049081853093193 → pending (?ms, ?B)
[2026-06-25T04:12:11.766Z] GET https://cdn.trustpilot.net/brand-assets/5.3.0/fonts/Trustpilot-Sans.woff2 → 200 (250ms, ?B)
[2026-06-25T04:12:11.767Z] GET https://cdn.trustpilot.net/brand-assets/5.3.0/fonts/Trustpilot-Display-Extrabold.woff2 → 200 (250ms, ?B)
[2026-06-25T04:12:11.767Z] GET https://user-images.trustpilot.com/69fa84c65f73f91717a3bd8e/73x73.png → 200 (120ms, 1120B)
[2026-06-25T04:12:11.767Z] GET https://consumersiteimages.trustpilot.net/business-units/69dca8afb7b8d36281e9b833-198x149-2x.avif → pending (?ms, ?B)
[2026-06-25T04:12:11.767Z] GET https://consumersiteimages.trustpilot.net/business-units/64998a6761f68dd252f484f8-198x149-2x.avif → pending (?ms, ?B)
[2026-06-25T04:12:11.767Z] GET https://consumersiteimages.trustpilot.net/business-units/69f9f72877d05e8503ce93f0-198x149-2x.avif → pending (?ms, ?B)
[2026-06-25T04:12:11.886Z] POST https://o211375.ingest.sentry.io/api/5826609/envelope/?sentry_version=7&sentry_key=7ac98d0742b24421b3d38448c4bf1184&sentry_client=sentry.javascript.nextjs%2F8.55.0 → pending (?ms, ?B)
[2026-06-25T04:12:12.262Z] GET https://www.trustpilot.com/api/consumersitesearch-api/businessunits/semantic-suggestions?countryCode=US → 200 (7ms, 245B)
[2026-06-25T04:12:12.262Z] GET https://www.trustpilot.com/api/businessunitprofile/businessunit/655cc467eee2b94b13da6cb2/service-reviews/topics → 200 (120ms, 298B)
[2026-06-25T04:12:12.262Z] GET https://www.google.com/recaptcha/enterprise.js?onload=grecaptchaAppshellOnLoadCallback&render=6Lcxp2UaAAAAABkIC5izuDmTEeXYfgfaoQ9v69Q4&hl=en-US → 200 (122ms, 1806B)
[2026-06-25T04:12:12.263Z] GET https://www.trustpilot.com/api/businessunitprofile/businessunit/655cc467eee2b94b13da6cb2/service-reviews/topics → 200 (118ms, 298B)
[2026-06-25T04:12:12.263Z] GET https://www.trustpilot.com/sessions/init?path=%2Freview%2Fjavavolcano-touroperator.com → 204 (119ms, ?B)
[2026-06-25T04:12:12.263Z] GET https://cdn.segment.com/analytics.js/v1/8tb69qtawc/analytics.min.js → 200 (117ms, 108894B)
[2026-06-25T04:12:12.448Z] POST https://a7d575be72e8.edge.sdk.awswaf.com/a7d575be72e8/b5180ee838be/telemetry → 200 (79ms, 848B)
[2026-06-25T04:12:12.460Z] GET https://cdn.segment.com/v1/projects/8tb69qtawc/settings → 200 (74ms, 3742B)
[2026-06-25T04:12:12.464Z] GET https://www.gstatic.com/recaptcha/releases/MerVUtRoajKEbP7pLiGXkL28/recaptcha__en.js → 200 (498ms, ?B)
[2026-06-25T04:12:12.555Z] GET https://cdn.segment.com/analytics-next/bundles/ajs-destination.bundle.8e6b895db75187c55313.js → 200 (21ms, 9273B)
[2026-06-25T04:12:12.579Z] GET https://cdn.segment.com/analytics-next/bundles/schemaFilter.bundle.1b218d13fed021531d4e.js → 200 (20ms, 1559B)
[2026-06-25T04:12:12.605Z] GET https://cdn.segment.com/next-integrations/integrations/amplitude/3.3.3/amplitude.dynamic.js.gz → 200 (26ms, 9305B)
[2026-06-25T04:12:12.605Z] GET https://cdn.segment.com/next-integrations/integrations/google-tag-manager/2.5.3/google-tag-manager.dynamic.js.gz → 200 (27ms, 3470B)
[2026-06-25T04:12:12.623Z] POST https://api.segment.io/v1/p → pending (?ms, ?B)
[2026-06-25T04:12:12.626Z] POST https://api.segment.io/v1/t → pending (?ms, ?B)
[2026-06-25T04:12:12.628Z] POST https://api.segment.io/v1/t → pending (?ms, ?B)
[2026-06-25T04:12:12.635Z] GET https://cdn.segment.com/next-integrations/integrations/vendor/commons.59560acdd69ed701c941.js.gz → 200 (27ms, 71723B)
[2026-06-25T04:12:12.677Z] GET https://cdn.amplitude.com/libs/amplitude-5.2.2-min.gz.js → 200 (95ms, 55079B)
[2026-06-25T04:12:12.679Z] GET https://www.googletagmanager.com/gtm.js?id=GTM-WBVGV9&l=dataLayer → 200 (189ms, 581621B)
[2026-06-25T04:12:12.794Z] POST https://api.amplitude.com/ → pending (?ms, ?B)
[2026-06-25T04:12:12.945Z] GET https://www.googletagmanager.com/gtag/js?id=G-11HBWMC274&cx=c&gtm=4e66n1 → pending (?ms, ?B)
[2026-06-25T04:12:12.945Z] POST https://ad.doubleclick.net/ccm/s/collect?auid=583011285.1782360733&gtm=45He66n1v6302364za200zd6302364xea → pending (?ms, ?B)
[2026-06-25T04:12:12.945Z] POST https://www.google.com/ccm/collect?rcb=9&frm=0&ae=g&auid=583011285.1782360733&dt=Java%20Volcano%20Tour%20Operator%20Reviews%20%7C%20Read%20Customer%20Service%20Reviews%20of%20javavolcano-touroperator.com&en=page_view&dl=https%3A%2F%2Fwww.trustpilot.com%2Freview%2Fjavavolcano-touroperator.com&scrsrc=www.googletagmanager.com&rnd=131619648.1782360733&navt=r&npa=0&ep.ads_data_redaction=0&_tu=CA&gtm=45He66n1v6302364za200zd6302364xea&gcs=G111&gcd=13r3r3r3r5l1&dma=0&tag_exp=0~115938466~115938469~118395333~119027224&apve=1&apvf=f&apvc=1&tft=1782360732948&tfd=2786&fmt=8 → pending (?ms, ?B)
[2026-06-25T04:12:12.960Z] GET https://snap.licdn.com/li.lms-analytics/insight.min.js → pending (?ms, ?B)
[2026-06-25T04:12:13.055Z] GET https://www.google.com/recaptcha/enterprise/anchor?ar=1&k=6Lcxp2UaAAAAABkIC5izuDmTEeXYfgfaoQ9v69Q4&co=aHR0cHM6Ly93d3cudHJ1c3RwaWxvdC5jb206NDQz&hl=en&v=MerVUtRoajKEbP7pLiGXkL28&size=invisible&anchor-ms=20000&execute-ms=30000&cb=rrku90v6qw8k → pending (?ms, ?B)
[2026-06-25T04:12:13.186Z] GET https://www.gstatic.com/recaptcha/releases/MerVUtRoajKEbP7pLiGXkL28/styles__ltr.css → 200 (141ms, 82857B)
[2026-06-25T04:12:13.186Z] GET https://www.gstatic.com/recaptcha/releases/MerVUtRoajKEbP7pLiGXkL28/recaptcha__en.js → 200 (242ms, 895587B)
[2026-06-25T04:12:13.216Z] GET https://www.googletagmanager.com/gtag/destination?id=AW-994669953&cx=c&gtm=4e66n1 → 200 (67ms, 428470B)
[2026-06-25T04:12:13.216Z] POST https://analytics.google.com/g/collect?v=2&tid=G-11HBWMC274&gtm=45je66n1v893186513z86302364za20gzb6302364zd6302364&_p=1782360732680&_gaz=1&gcs=G111&gcd=13r3r3r3r5l1&npa=0&dma=0&_eu=EAAAAGA&are=1&cid=937713380.1782360733&frm=0&ir=1&pscdl=noapi&rcb=12&sr=2286x1286&uaa=x86&uab=64&uafvl=Chromium%3B145.0.7632.6%7CNot%253AA-Brand%3B99.0.0.0&uam=&uamb=0&uap=macOS&uapv=10_15_7&uaw=0&ul=en-us&gaf=2&_s=1&tag_exp=0~115616985~115938466~115938468~119027224&dl=https%3A%2F%2Fwww.trustpilot.com%2Freview%2Fjavavolcano-touroperator.com&dr=%3A%2F%2F&dt=Java%20Volcano%20Tour%20Operator%20Reviews%20%7C%20Read%20Customer%20Service%20Reviews%20of%20javavolcano-touroperator.com&sid=1782360733&sct=1&seg=0&_tu=CA&en=page_view&_fv=1&_nsi=1&_ss=1&ep.page_url_clean=https%3A%2F%2Fwww.trustpilot.com%2Freview%2Fjavavolcano-touroperator.com&ep.website_category=consumer&epn.custom_timestamp=1782360732965&ep.gtm_container_id=GTM-WBVGV9&ep.gtm_container_version=674&ep.event=gtm.dom&ep.userAgent1=Mozilla%2F5.0%20(Macintosh%3B%20Intel%20Mac%20OS%20X%2010_15_7)%20AppleWebKit%2F537.36%20(KHTML%2C%20like%20Gecko)%20Chrome%2F131.0.&ep.userAgent2=0.0%20Safari%2F537.36%20GStackBrowser&ep.userAgent3=&ep.userAgent4=&ep.userAgent5=&ep.locale=en-US&ep.is_logged_in=false&ep.top_level_category=tour_operator&epn.viewportHeight=1132&epn.viewportWidth=1118&up.segment_anonymous_Id=ab670215-8845-4026-b514-f17d38ea3b5e&tfd=3053 → 204 (186ms, ?B)
[2026-06-25T04:12:13.216Z] POST https://stats.g.doubleclick.net/g/collect?v=2&tid=G-11HBWMC274&cid=937713380.1782360733&gtm=45je66n1v893186513z86302364za20gzb6302364zd6302364&rcb=12&aip=1&dma=0&gcs=G111&gcd=13r3r3r3r5l1&npa=0&frm=0&tag_exp=0~115616985~115938466~115938468~119027224 → 204 (185ms, ?B)
[2026-06-25T04:12:13.216Z] GET https://www.google.co.id/ads/ga-audiences?v=1&t=sr&slf_rd=1&_r=4&tid=G-11HBWMC274&cid=937713380.1782360733&gtm=45je66n1v893186513z86302364za20gzb6302364zd6302364&rcb=12&aip=1&dma=0&gcs=G111&gcd=13r3r3r3r5l1&npa=0&frm=0&tag_exp=0~115616985~115938466~115938468~119027224&z=658548229 → 200 (166ms, 42B)
[2026-06-25T04:12:13.230Z] GET https://snap.licdn.com/li.lms-analytics/insight.old.min.js → 200 (49ms, 53634B)
[2026-06-25T04:12:13.381Z] GET https://googleads.g.doubleclick.net/pagead/viewthroughconversion/994669953/?random=1782360733334&cv=11&fst=1782360733334&bg=ffffff&guid=ON&async=1&gtm=45be66n1v896137028z86302364za20gzb6302364zd6302364xea&gcd=13r3r3r3r5l1&dma=0&tag_exp=0~115616986~115938466~115938469~118395334~119027224&u_w=2286&u_h=1286&url=https%3A%2F%2Fwww.trustpilot.com%2Freview%2Fjavavolcano-touroperator.com&rcb=9&frm=0&tiba=Java%20Volcano%20Tour%20Operator%20Reviews%20%7C%20Read%20Customer%20Service%20Reviews%20of%20javavolcano-touroperator.com&hn=www.googleadservices.com&npa=0&pscdl=noapi&auid=583011285.1782360733&uaa=x86&uab=64&uafvl=Chromium%3B145.0.7632.6%7CNot%253AA-Brand%3B99.0.0.0&uamb=0&uam=&uap=macOS&uapv=10_15_7&uaw=0&_tu=CA&data=ads_data_redaction%3Dfalse&ept=9&rfmt=3&fmt=4 → 200 (99ms, 6543B)
[2026-06-25T04:12:13.382Z] POST https://www.google.com/rmkt/collect/994669953/?random=1782360733334&cv=11&fst=1782360733334&fmt=8&bg=ffffff&guid=ON&async=1&gtm=45be66n1v896137028z86302364za20gzb6302364zd6302364xea&gcd=13r3r3r3r5l1&dma=0&tag_exp=0~115616986~115938466~115938469~118395334~119027224&u_w=2286&u_h=1286&url=https%3A%2F%2Fwww.trustpilot.com%2Freview%2Fjavavolcano-touroperator.com&rcb=9&frm=0&tiba=Java%20Volcano%20Tour%20Operator%20Reviews%20%7C%20Read%20Customer%20Service%20Reviews%20of%20javavolcano-touroperator.com&hn=www.googleadservices.com&npa=0&pscdl=noapi&auid=583011285.1782360733&uaa=x86&uab=64&uafvl=Chromium%3B145.0.7632.6%7CNot%253AA-Brand%3B99.0.0.0&uamb=0&uam=&uap=macOS&uapv=10_15_7&uaw=0&_tu=CA&data=ads_data_redaction%3Dfalse&ept=68&gcp=5 → 200 (38ms, ?B)
[2026-06-25T04:12:13.382Z] POST https://www.google.com/ccm/collect?rcb=9&frm=0&ae=g&auid=583011285.1782360733&dt=Java%20Volcano%20Tour%20Operator%20Reviews%20%7C%20Read%20Customer%20Service%20Reviews%20of%20javavolcano-touroperator.com&dl=https%3A%2F%2Fwww.trustpilot.com%2Freview%2Fjavavolcano-touroperator.com&scrsrc=www.googletagmanager.com&rnd=131619648.1782360733&navt=r&npa=0&ep.ads_data_redaction=0&_tu=CA&gtm=45be66n1v896137028z86302364za20gzb6302364zd6302364xea&gcs=G111&gcd=13r3r3r3r5l1&dma=0&tag_exp=0~115616986~115938466~115938469~118395334~119027224&apve=1&apvf=f&apvc=0&tids=AW-994669953&tid=AW-994669953&tft=1782360733387&tfd=3226&fmt=8 → 200 (34ms, ?B)
[2026-06-25T04:12:13.392Z] GET https://px.ads.linkedin.com/attribution_trigger?pid=27007&time=1782360733397&url=https%3A%2F%2Fwww.trustpilot.com%2Freview%2Fjavavolcano-touroperator.com&tm=gtmv2 → 200 (352ms, 2B)
[2026-06-25T04:12:13.392Z] GET https://px.ads.linkedin.com/collect?v=2&fmt=js&pid=27007&time=1782360733397&li_adsId=d2a30532-f47d-4f9c-8ea7-6f39f8db17ed&url=https%3A%2F%2Fwww.trustpilot.com%2Freview%2Fjavavolcano-touroperator.com&tm=gtmv2 → 302 (333ms, ?B)
[2026-06-25T04:12:13.394Z] POST https://px.ads.linkedin.com/wa/?medium=fetch&fmt=g → 204 (406ms, ?B)
[2026-06-25T04:12:13.398Z] POST https://api.amplitude.com/ → 200 (242ms, 7B)
[2026-06-25T04:12:13.416Z] POST https://a7d575be72e8.edge.sdk.awswaf.com/a7d575be72e8/b5180ee838be/telemetry → 200 (84ms, 936B)
[2026-06-25T04:12:13.482Z] GET https://www.google.com/pagead/1p-user-list/994669953/?random=1782360733334&cv=11&fst=1782360000000&bg=ffffff&guid=ON&async=1&gtm=45be66n1v896137028z86302364za20gzb6302364zd6302364xea&gcd=13r3r3r3r5l1&dma=0&tag_exp=0~115616986~115938466~115938469~118395334~119027224&u_w=2286&u_h=1286&url=https%3A%2F%2Fwww.trustpilot.com%2Freview%2Fjavavolcano-touroperator.com&rcb=9&frm=0&tiba=Java%20Volcano%20Tour%20Operator%20Reviews%20%7C%20Read%20Customer%20Service%20Reviews%20of%20javavolcano-touroperator.com&hn=www.googleadservices.com&npa=0&pscdl=noapi&auid=583011285.1782360733&uaa=x86&uab=64&uafvl=Chromium%3B145.0.7632.6%7CNot%253AA-Brand%3B99.0.0.0&uamb=0&uam=&uap=macOS&uapv=10_15_7&uaw=0&_tu=CA&data=ads_data_redaction%3Dfalse&ept=9&rfmt=3&fmt=3&is_vtc=1&cid=CAQS0wEAEQoqgZq-X0KXXWrq8hkeN8aCkgMGw0lOodUBzMzETPo6aEq_q2jxnXFbaj7we0-NkLeKTey5HQdNumPkT9MVP5VL9ygb76aoon_LhbVQkN7c8LIFLWJ7JRMBo8OCzw9M3nimHLJGvyZf1VbrcxqEHgPrFJAXa6--C4_32BhqRdsMUYQHTLXHPEl1owHNPy9N8yL6XCpruIMW20gs-GOMDwZ8K0X74PlPRC-aHoAy0xzcI1kkzTMHZRzA2ozpAGbntAt5MvJzriSym1LUFqH-Vnex&random=3278037632&rmt_tld=0&ipr=y → 200 (40ms, 42B)
[2026-06-25T04:12:13.482Z] GET https://www.google.co.id/pagead/1p-user-list/994669953/?random=1782360733334&cv=11&fst=1782360000000&bg=ffffff&guid=ON&async=1&gtm=45be66n1v896137028z86302364za20gzb6302364zd6302364xea&gcd=13r3r3r3r5l1&dma=0&tag_exp=0~115616986~115938466~115938469~118395334~119027224&u_w=2286&u_h=1286&url=https%3A%2F%2Fwww.trustpilot.com%2Freview%2Fjavavolcano-touroperator.com&rcb=9&frm=0&tiba=Java%20Volcano%20Tour%20Operator%20Reviews%20%7C%20Read%20Customer%20Service%20Reviews%20of%20javavolcano-touroperator.com&hn=www.googleadservices.com&npa=0&pscdl=noapi&auid=583011285.1782360733&uaa=x86&uab=64&uafvl=Chromium%3B145.0.7632.6%7CNot%253AA-Brand%3B99.0.0.0&uamb=0&uam=&uap=macOS&uapv=10_15_7&uaw=0&_tu=CA&data=ads_data_redaction%3Dfalse&ept=9&rfmt=3&fmt=3&is_vtc=1&cid=CAQS0wEAEQoqgZq-X0KXXWrq8hkeN8aCkgMGw0lOodUBzMzETPo6aEq_q2jxnXFbaj7we0-NkLeKTey5HQdNumPkT9MVP5VL9ygb76aoon_LhbVQkN7c8LIFLWJ7JRMBo8OCzw9M3nimHLJGvyZf1VbrcxqEHgPrFJAXa6--C4_32BhqRdsMUYQHTLXHPEl1owHNPy9N8yL6XCpruIMW20gs-GOMDwZ8K0X74PlPRC-aHoAy0xzcI1kkzTMHZRzA2ozpAGbntAt5MvJzriSym1LUFqH-Vnex&random=3278037632&rmt_tld=1&ipr=y → 200 (39ms, 42B)
[2026-06-25T04:12:13.559Z] GET https://www.google.com/recaptcha/enterprise/webworker.js?hl=en&v=MerVUtRoajKEbP7pLiGXkL28 → 200 (39ms, 102B)
[2026-06-25T04:12:13.572Z] GET https://www.gstatic.com/recaptcha/api2/logo_48.png → 200 (28ms, 2228B)
[2026-06-25T04:12:13.572Z] GET https://fonts.gstatic.com/s/roboto/v48/KFO7CnqEu92Fr1ME7kSn66aGLdTylUAMa3yUBHMdazQ.woff2 → 200 (104ms, 34668B)
[2026-06-25T04:12:13.599Z] GET https://www.gstatic.com/recaptcha/releases/MerVUtRoajKEbP7pLiGXkL28/recaptcha__en.js → 200 (152ms, 895587B)
[2026-06-25T04:12:13.726Z] GET https://px.ads.linkedin.com/collect?v=2&fmt=js&pid=27007&time=1782360733397&li_adsId=d2a30532-f47d-4f9c-8ea7-6f39f8db17ed&url=https%3A%2F%2Fwww.trustpilot.com%2Freview%2Fjavavolcano-touroperator.com&tm=gtmv2&cookiesTest=true → 302 (261ms, ?B)
[2026-06-25T04:12:13.988Z] GET https://www.linkedin.com/px/li_sync?redirect=https%3A%2F%2Fpx.ads.linkedin.com%2Fcollect%3Fv%3D2%26fmt%3Djs%26pid%3D27007%26time%3D1782360733397%26li_adsId%3Dd2a30532-f47d-4f9c-8ea7-6f39f8db17ed%26url%3Dhttps%253A%252F%252Fwww.trustpilot.com%252Freview%252Fjavavolcano-touroperator.com%26tm%3Dgtmv2%26cookiesTest%3Dtrue%26liSync%3Dtrue → pending (?ms, ?B)
[2026-06-25T04:12:14.122Z] POST https://www.google.com/recaptcha/enterprise/reload?k=6Lcxp2UaAAAAABkIC5izuDmTEeXYfgfaoQ9v69Q4 → 200 (93ms, 2948B)
[2026-06-25T04:12:14.228Z] POST https://www.google.com/recaptcha/enterprise/clr?k=6Lcxp2UaAAAAABkIC5izuDmTEeXYfgfaoQ9v69Q4 → 200 (73ms, ?B)
[2026-06-25T04:12:14.279Z] GET https://px.ads.linkedin.com/collect?v=2&fmt=js&pid=27007&time=1782360733397&li_adsId=d2a30532-f47d-4f9c-8ea7-6f39f8db17ed&url=https%3A%2F%2Fwww.trustpilot.com%2Freview%2Fjavavolcano-touroperator.com&tm=gtmv2&cookiesTest=true&liSync=true → 200 (262ms, ?B)
[2026-06-25T04:12:14.547Z] GET https://js-agent.newrelic.com/nr-spa-1.317.0.min.js → 200 (109ms, 108469B)
[2026-06-25T04:12:14.563Z] GET https://cdn.trustpilot.net/brand-assets/4.3.0/favicons/android-chrome-192x192.png → 200 (21ms, 1066B)
[2026-06-25T04:12:14.674Z] POST https://bam.eu01.nr-data.net/1/NRBR-ab2d2379f7d606ec0e0?a=462890258&v=1.317.0&to=MhBSZQoZXkZXAUQNDgtaZ1QaPkJUWwdHCxMOIEJYVzZVTUIIQ0smICEfHgodRlxTFR8/AxAGWV8dC0NgWAtEOQ%3D%3D&rst=4516&ck=0&s=621e149c0181e7fd&ref=https://www.trustpilot.com/review/javavolcano-touroperator.com&ptid=502c94486f954800&tt=76102710b192fd31&af=err,spa,xhr,stn,ins&ap=72.053&be=28&fe=4365&dc=1768&fsh=1&perf=%7B%22timing%22:%7B%22of%22:1782360730162,%22n%22:0,%22u%22:32,%22ue%22:32,%22f%22:3,%22dn%22:3,%22dne%22:3,%22c%22:3,%22s%22:3,%22ce%22:3,%22rq%22:4,%22rp%22:29,%22rpe%22:59,%22di%22:196,%22ds%22:1795,%22de%22:1796,%22dc%22:4388,%22l%22:4390,%22le%22:4393%7D,%22navigation%22:%7B%22ty%22:1%7D%7D&fp=1824&fcp=1824 → 200 (308ms, 198B)
[2026-06-25T04:12:14.986Z] POST https://bam.eu01.nr-data.net/events/1/NRBR-ab2d2379f7d606ec0e0?a=462890258&v=1.317.0&to=MhBSZQoZXkZXAUQNDgtaZ1QaPkJUWwdHCxMOIEJYVzZVTUIIQ0smICEfHgodRlxTFR8/AxAGWV8dC0NgWAtEOQ%3D%3D&rst=4831&ck=0&s=621e149c0181e7fd&ref=https://www.trustpilot.com/review/javavolcano-touroperator.com&ptid=502c94486f954800 → pending (?ms, ?B)
[2026-06-25T04:12:14.988Z] POST https://bam.eu01.nr-data.net/jserrors/1/NRBR-ab2d2379f7d606ec0e0?a=462890258&v=1.317.0&to=MhBSZQoZXkZXAUQNDgtaZ1QaPkJUWwdHCxMOIEJYVzZVTUIIQ0smICEfHgodRlxTFR8/AxAGWV8dC0NgWAtEOQ%3D%3D&rst=4833&ck=0&s=621e149c0181e7fd&ref=https://www.trustpilot.com/review/javavolcano-touroperator.com&ptid=502c94486f954800 → pending (?ms, ?B)
[2026-06-25T04:12:14.992Z] POST https://bam.eu01.nr-data.net/events/1/NRBR-ab2d2379f7d606ec0e0?a=462890258&v=1.317.0&to=MhBSZQoZXkZXAUQNDgtaZ1QaPkJUWwdHCxMOIEJYVzZVTUIIQ0smICEfHgodRlxTFR8/AxAGWV8dC0NgWAtEOQ%3D%3D&rst=4835&ck=0&s=621e149c0181e7fd&ref=https://www.trustpilot.com/review/javavolcano-touroperator.com&ptid=502c94486f954800 → pending (?ms, ?B)
[2026-06-25T04:12:22.390Z] POST https://a7d575be72e8.edge.sdk.awswaf.com/a7d575be72e8/b5180ee838be/telemetry → 200 (30ms, 1024B)
[2026-06-25T04:12:22.438Z] POST https://a7d575be72e8.edge.sdk.awswaf.com/a7d575be72e8/b5180ee838be/telemetry → 200 (29ms, 1024B)
